2020-05-26T12:38:52.796Z INFO @wdio/local-runner: Run worker command: run
2020-05-26T12:38:52.850Z DEBUG @wdio/local-runner:utils: init remote session
2020-05-26T12:38:52.854Z INFO webdriverio: Initiate new session using the ./protocol-stub protocol
2020-05-26T12:38:53.037Z DEBUG @wdio/utils:initialiseServices: initialise service "browserstack" as NPM package
2020-05-26T12:38:53.051Z DEBUG @wdio/local-runner:utils: init remote session
2020-05-26T12:38:53.051Z INFO webdriverio: Initiate new session using the webdriver protocol
2020-05-26T12:38:53.055Z INFO webdriver: [POST] https://hub-cloud.browserstack.com/wd/hub/session
2020-05-26T12:38:53.055Z INFO webdriver: DATA { capabilities:
   { alwaysMatch:
      { browserName: 'IE',
        browserVersion: '11.0',
        'browserstack.selenium_version': '3.141.59',
        'bstack:options': [Object] },
     firstMatch: [ {} ] },
  desiredCapabilities:
   { browserName: 'IE',
     browserVersion: '11.0',
     'browserstack.selenium_version': '3.141.59',
     'bstack:options':
      { os: 'Windows',
        osVersion: '10',
        projectName: 'NEST',
        debug: 'true',
        resolution: '1920x1080',
        networkLogs: 'true',
        consoleLogs: 'verbose',
        idleTimeout: 300,
        ie: [Object] } } }
2020-05-26T12:39:10.569Z INFO @wdio/browserstack-service: internet explorer 11 session: https://automate.browserstack.com/builds/48501d1c769d04793ef1dd51c477231239048624/sessions/35064d1e51b4f18408b98b4873e861f364d497f7
2020-05-26T12:39:10.583Z INFO webdriver: COMMAND maximizeWindow()
2020-05-26T12:39:10.584Z INFO webdriver: [POST] https://hub-cloud.browserstack.com/wd/hub/session/35064d1e51b4f18408b98b4873e861f364d497f7/window/maximize
2020-05-26T12:39:10.838Z INFO webdriver: RESULT { height: 1056, width: 1936, x: -8, y: -8 }
2020-05-26T12:39:10.844Z INFO webdriver: COMMAND navigateTo("https://www.softwareadvice.com/")
2020-05-26T12:39:10.845Z INFO webdriver: [POST] https://hub-cloud.browserstack.com/wd/hub/session/35064d1e51b4f18408b98b4873e861f364d497f7/url
2020-05-26T12:39:10.845Z INFO webdriver: DATA { url: 'https://www.softwareadvice.com/' }
2020-05-26T12:39:23.404Z INFO webdriver: COMMAND getTitle()
2020-05-26T12:39:23.404Z INFO webdriver: [GET] https://hub-cloud.browserstack.com/wd/hub/session/35064d1e51b4f18408b98b4873e861f364d497f7/title
2020-05-26T12:39:23.671Z INFO @wdio/local-runner: Received SIGINT, giving process 5000ms to shutdown gracefully
2020-05-26T12:39:23.672Z INFO @wdio/local-runner: Run worker command: endSession
2020-05-26T12:39:23.672Z INFO webdriver: COMMAND deleteSession()
2020-05-26T12:39:23.672Z INFO webdriver: [DELETE] https://hub-cloud.browserstack.com/wd/hub/session/35064d1e51b4f18408b98b4873e861f364d497f7
2020-05-26T12:39:23.881Z INFO webdriver: RESULT Business Software Reviews from Software Advice®
2020-05-26T12:39:24.215Z INFO webdriver: RESULT 
